This is pdfTeX, Version 3.14159265-2.6-1.40.20 (TeX Live 2019/Debian) (preloaded format=pdflatex 2020.4.1)  16 APR 2020 12:43
entering extended mode
 restricted \write18 enabled.
 %&-line parsing enabled.
**dokumentacja.tex
(./dokumentacja.tex
LaTeX2e <2020-02-02> patch level 5
L3 programming layer <2020-02-25>
(/usr/share/texlive/texmf-dist/tex/latex/base/article.cls
Document Class: article 2019/12/20 v1.4l Standard LaTeX document class
(/usr/share/texlive/texmf-dist/tex/latex/base/size10.clo
File: size10.clo 2019/12/20 v1.4l Standard LaTeX file (size option)
)
\c@part=\count167
\c@section=\count168
\c@subsection=\count169
\c@subsubsection=\count170
\c@paragraph=\count171
\c@subparagraph=\count172
\c@figure=\count173
\c@table=\count174
\abovecaptionskip=\skip47
\belowcaptionskip=\skip48
\bibindent=\dimen134
)
(/usr/share/texlive/texmf-dist/tex/latex/polski/polski.sty
Package: polski 2017/05/04 v1.3.4 Polish language package

   Switching to Polish text encoding and Polish maths fonts.
(/usr/share/texlive/texmf-dist/tex/latex/base/ot4enc.def
File: ot4enc.def 2020/02/11 v2.0o Standard LaTeX file
Now handling font encoding OT4 ...
... no UTF-8 mapping file for font encoding OT4
)
LaTeX Font Info:    Trying to load font information for OT4+cmr on input line 3
60.

(/usr/share/texlive/texmf-dist/tex/latex/polski/ot4cmr.fd
File: ot4cmr.fd 2008/02/24 v1.2.1 Font defs for fonts PL (MW)
)
LaTeX Font Info:    Overwriting math alphabet `\mathbf' in version `normal'
(Font)                  OT1/cmr/bx/n --> OT4/cmr/bx/n on input line 360.
LaTeX Font Info:    Overwriting math alphabet `\mathsf' in version `normal'
(Font)                  OT1/cmss/m/n --> OT4/cmss/m/n on input line 360.
LaTeX Font Info:    Overwriting math alphabet `\mathit' in version `normal'
(Font)                  OT1/cmr/m/it --> OT4/cmr/m/it on input line 360.
LaTeX Font Info:    Overwriting math alphabet `\mathtt' in version `normal'
(Font)                  OT1/cmtt/m/n --> OT4/cmtt/m/n on input line 360.
LaTeX Font Info:    Overwriting math alphabet `\mathsf' in version `bold'
(Font)                  OT1/cmss/bx/n --> OT4/cmss/bx/n on input line 360.
LaTeX Font Info:    Overwriting math alphabet `\mathit' in version `bold'
(Font)                  OT1/cmr/bx/it --> OT4/cmr/bx/it on input line 360.
LaTeX Font Info:    Encoding `OT1' has changed to `OT4' for symbol font
(Font)              `operators' in the math version `normal' on input line 360.

LaTeX Font Info:    Overwriting symbol font `operators' in version `normal'
(Font)                  OT1/cmr/m/n --> OT4/cmr/m/n on input line 360.
LaTeX Font Info:    Overwriting symbol font `letters' in version `normal'
(Font)                  OML/cmm/m/it --> OML/plm/m/it on input line 360.
LaTeX Font Info:    Overwriting symbol font `symbols' in version `normal'
(Font)                  OMS/cmsy/m/n --> OMS/plsy/m/n on input line 360.
LaTeX Font Info:    Overwriting symbol font `largesymbols' in version `normal'
(Font)                  OMX/cmex/m/n --> OMX/plex/m/n on input line 360.
LaTeX Font Info:    Encoding `OT1' has changed to `OT4' for symbol font
(Font)              `operators' in the math version `bold' on input line 360.
LaTeX Font Info:    Overwriting symbol font `operators' in version `bold'
(Font)                  OT1/cmr/bx/n --> OT4/cmr/bx/n on input line 360.
LaTeX Font Info:    Overwriting symbol font `letters' in version `bold'
(Font)                  OML/cmm/b/it --> OML/plm/b/it on input line 360.
LaTeX Font Info:    Overwriting symbol font `symbols' in version `bold'
(Font)                  OMS/cmsy/b/n --> OMS/plsy/b/n on input line 360.
)
(/usr/share/texlive/texmf-dist/tex/latex/adjustbox/adjustbox.sty
Package: adjustbox 2019/01/04 v1.2 Adjusting TeX boxes (trim, clip, ...)

(/usr/share/texlive/texmf-dist/tex/latex/xkeyval/xkeyval.sty
Package: xkeyval 2014/12/03 v2.7a package option processing (HA)

(/usr/share/texlive/texmf-dist/tex/generic/xkeyval/xkeyval.tex
(/usr/share/texlive/texmf-dist/tex/generic/xkeyval/xkvutils.tex
\XKV@toks=\toks15
\XKV@tempa@toks=\toks16

(/usr/share/texlive/texmf-dist/tex/generic/xkeyval/keyval.tex))
\XKV@depth=\count175
File: xkeyval.tex 2014/12/03 v2.7a key=value parser (HA)
))
(/usr/share/texlive/texmf-dist/tex/latex/adjustbox/adjcalc.sty
Package: adjcalc 2012/05/16 v1.1 Provides advanced setlength with multiple back
-ends (calc, etex, pgfmath)
)
(/usr/share/texlive/texmf-dist/tex/latex/adjustbox/trimclip.sty
Package: trimclip 2018/04/08 v1.1 Trim and clip general TeX material

(/usr/share/texlive/texmf-dist/tex/latex/graphics/graphicx.sty
Package: graphicx 2019/11/30 v1.2a Enhanced LaTeX Graphics (DPC,SPQR)

(/usr/share/texlive/texmf-dist/tex/latex/graphics/graphics.sty
Package: graphics 2019/11/30 v1.4a Standard LaTeX Graphics (DPC,SPQR)

(/usr/share/texlive/texmf-dist/tex/latex/graphics/trig.sty
Package: trig 2016/01/03 v1.10 sin cos tan (DPC)
)
(/usr/share/texlive/texmf-dist/tex/latex/graphics-cfg/graphics.cfg
File: graphics.cfg 2016/06/04 v1.11 sample graphics configuration
)
Package graphics Info: Driver file: pdftex.def on input line 105.

(/usr/share/texlive/texmf-dist/tex/latex/graphics-def/pdftex.def
File: pdftex.def 2018/01/08 v1.0l Graphics/color driver for pdftex
))
\Gin@req@height=\dimen135
\Gin@req@width=\dimen136
)
(/usr/share/texlive/texmf-dist/tex/latex/collectbox/collectbox.sty
Package: collectbox 2012/05/17 v0.4b Collect macro arguments as boxes
\collectedbox=\box45
)
\tc@llx=\dimen137
\tc@lly=\dimen138
\tc@urx=\dimen139
\tc@ury=\dimen140
Package trimclip Info: Using driver 'tc-pdftex.def'.

(/usr/share/texlive/texmf-dist/tex/latex/adjustbox/tc-pdftex.def
File: tc-pdftex.def 2019/01/04 v2.2 Clipping driver for pdftex
))
\adjbox@Width=\dimen141
\adjbox@Height=\dimen142
\adjbox@Depth=\dimen143
\adjbox@Totalheight=\dimen144
\adjbox@pwidth=\dimen145
\adjbox@pheight=\dimen146
\adjbox@pdepth=\dimen147
\adjbox@ptotalheight=\dimen148

(/usr/share/texlive/texmf-dist/tex/latex/ifoddpage/ifoddpage.sty
Package: ifoddpage 2016/04/23 v1.1 Conditionals for odd/even page detection
\c@checkoddpage=\count176
)
(/usr/share/texlive/texmf-dist/tex/latex/varwidth/varwidth.sty
Package: varwidth 2009/03/30 ver 0.92;  Variable-width minipages
\@vwid@box=\box46
\sift@deathcycles=\count177
\@vwid@loff=\dimen149
\@vwid@roff=\dimen150
))
(/usr/share/texlive/texmf-dist/tex/latex/l3backend/l3backend-pdfmode.def
File: l3backend-pdfmode.def 2020-02-23 L3 backend support: PDF mode
\l__kernel_color_stack_int=\count178
\l__pdf_internal_box=\box47
)
(./dokumentacja.aux)
\openout1 = `dokumentacja.aux'.

LaTeX Font Info:    Checking defaults for OML/cmm/m/it on input line 9.
LaTeX Font Info:    ... okay on input line 9.
LaTeX Font Info:    Checking defaults for OMS/cmsy/m/n on input line 9.
LaTeX Font Info:    ... okay on input line 9.
LaTeX Font Info:    Checking defaults for OT1/cmr/m/n on input line 9.
LaTeX Font Info:    ... okay on input line 9.
LaTeX Font Info:    Checking defaults for T1/cmr/m/n on input line 9.
LaTeX Font Info:    ... okay on input line 9.
LaTeX Font Info:    Checking defaults for TS1/cmr/m/n on input line 9.
LaTeX Font Info:    ... okay on input line 9.
LaTeX Font Info:    Checking defaults for OMX/cmex/m/n on input line 9.
LaTeX Font Info:    ... okay on input line 9.
LaTeX Font Info:    Checking defaults for U/cmr/m/n on input line 9.
LaTeX Font Info:    ... okay on input line 9.
LaTeX Font Info:    Checking defaults for OT4/cmr/m/n on input line 9.
LaTeX Font Info:    ... okay on input line 9.

(/usr/share/texlive/texmf-dist/tex/context/base/mkii/supp-pdf.mkii
[Loading MPS to PDF converter (version 2006.09.02).]
\scratchcounter=\count179
\scratchdimen=\dimen151
\scratchbox=\box48
\nofMPsegments=\count180
\nofMParguments=\count181
\everyMPshowfont=\toks17
\MPscratchCnt=\count182
\MPscratchDim=\dimen152
\MPnumerator=\count183
\makeMPintoPDFobject=\count184
\everyMPtoPDFconversion=\toks18
) (/usr/share/texlive/texmf-dist/tex/latex/epstopdf-pkg/epstopdf-base.sty
Package: epstopdf-base 2020-01-24 v2.11 Base part for package epstopdf
Package epstopdf-base Info: Redefining graphics rule for `.eps' on input line 4
85.

(/usr/share/texlive/texmf-dist/tex/latex/latexconfig/epstopdf-sys.cfg
File: epstopdf-sys.cfg 2010/07/13 v1.3 Configuration of (r)epstopdf for TeX Liv
e
))
LaTeX Font Info:    Trying to load font information for OML+plm on input line 1
0.

(/usr/share/texlive/texmf-dist/tex/latex/polski/omlplm.fd
File: omlplm.fd 2008/02/24 v1.2.1 Font defs for fonts PL (MW)
)
LaTeX Font Info:    Trying to load font information for OMS+plsy on input line 
10.

(/usr/share/texlive/texmf-dist/tex/latex/polski/omsplsy.fd
File: omsplsy.fd 2008/02/24 v1.2.1 Font defs for fonts PL (MW)
)
LaTeX Font Info:    Trying to load font information for OMX+plex on input line 
10.

(/usr/share/texlive/texmf-dist/tex/latex/polski/omxplex.fd
File: omxplex.fd 2008/02/24 v1.2.1 Font defs for fonts PL (MW)
)
LaTeX Font Info:    External font `plex10' loaded for size
(Font)              <12> on input line 10.
LaTeX Font Info:    External font `plex10' loaded for size
(Font)              <8> on input line 10.
LaTeX Font Info:    External font `plex10' loaded for size
(Font)              <6> on input line 10.
LaTeX Font Info:    External font `plex10' loaded for size
(Font)              <10> on input line 25.
LaTeX Font Info:    External font `plex10' loaded for size
(Font)              <7> on input line 25.
LaTeX Font Info:    External font `plex10' loaded for size
(Font)              <5> on input line 25.
LaTeX Font Info:    Trying to load font information for OT4+cmtt on input line 
25.

(/usr/share/texlive/texmf-dist/tex/latex/polski/ot4cmtt.fd
File: ot4cmtt.fd 2008/02/24 v1.2.1 Font defs for fonts PL (MW)
)
Underfull \hbox (badness 10000) in paragraph at lines 25--32

 []


Underfull \hbox (badness 10000) in paragraph at lines 33--39

 []


Underfull \hbox (badness 10000) in paragraph at lines 40--43

 []

[1

{/var/lib/texmf/fonts/map/pdftex/updmap/pdftex.map}]
Underfull \hbox (badness 10000) in paragraph at lines 45--49

 []


Underfull \hbox (badness 10000) in paragraph at lines 50--53

 []


Underfull \hbox (badness 10000) in paragraph at lines 54--59

 []


Underfull \hbox (badness 10000) in paragraph at lines 60--62

 []


Underfull \hbox (badness 10000) in paragraph at lines 63--72

 []


Underfull \hbox (badness 10000) in paragraph at lines 73--78

 []


Underfull \hbox (badness 10000) in paragraph at lines 79--85

 []


Underfull \hbox (badness 10000) in paragraph at lines 86--91

 []

[2]
Underfull \hbox (badness 10000) in paragraph at lines 93--97

 []


Underfull \hbox (badness 10000) in paragraph at lines 98--105

 []


Underfull \hbox (badness 10000) in paragraph at lines 106--110

 []


Underfull \hbox (badness 10000) in paragraph at lines 121--129

 []


Underfull \hbox (badness 10000) in paragraph at lines 130--135

 []


Underfull \hbox (badness 10000) in paragraph at lines 136--140

 []

[3]
Underfull \hbox (badness 10000) in paragraph at lines 152--158

 []


Underfull \hbox (badness 10000) in paragraph at lines 159--161

 []


Underfull \hbox (badness 10000) in paragraph at lines 162--165

 []


Underfull \hbox (badness 10000) in paragraph at lines 166--170

 []

[4]
Underfull \hbox (badness 10000) in paragraph at lines 218--221

 []

[5]
<logs.png, id=26, 1371.1225pt x 770.88pt>
File: logs.png Graphic file (type png)
<use logs.png>
Package pdftex.def Info: logs.png  used on input line 223.
(pdftex.def)             Requested size: 548.43929pt x 308.34654pt.
 [6 <./logs.png>] (./dokumentacja.aux) ) 
Here is how much of TeX's memory you used:
 2446 strings out of 480994
 37673 string characters out of 5914632
 272130 words of memory out of 5000000
 17927 multiletter control sequences out of 15000+600000
 542612 words of font info for 50 fonts, out of 8000000 for 9000
 1141 hyphenation exceptions out of 8191
 45i,6n,33p,265b,285s stack positions out of 5000i,500n,10000p,200000b,80000s
{/usr/share/texlive/texmf-dist/fonts/en
c/dvips/pl/pltt.enc}{/usr/share/texlive/texmf-dist/fonts/enc/dvips/pl/plms.enc}
{/usr/share/texlive/texmf-dist/fonts/enc/dvips/pl/plrm.enc}{/usr/share/texmf/fo
nts/enc/dvips/cm-super/cm-super-ts1.enc}</usr/share/texlive/texmf-dist/fonts/ty
pe1/public/pl/plbx10.pfb></usr/share/texlive/texmf-dist/fonts/type1/public/pl/p
lbx12.pfb></usr/share/texlive/texmf-dist/fonts/type1/public/pl/plr10.pfb></usr/
share/texlive/texmf-dist/fonts/type1/public/pl/plr12.pfb></usr/share/texlive/te
xmf-dist/fonts/type1/public/pl/plr17.pfb></usr/share/texlive/texmf-dist/fonts/t
ype1/public/pl/plsy10.pfb></usr/share/texlive/texmf-dist/fonts/type1/public/pl/
pltt10.pfb></usr/share/texmf/fonts/type1/public/cm-super/sfrm1000.pfb>
Output written on dokumentacja.pdf (6 pages, 1269921 bytes).
PDF statistics:
 60 PDF objects out of 1000 (max. 8388607)
 42 compressed objects within 1 object stream
 0 named destinations out of 1000 (max. 500000)
 6 words of extra memory for PDF output out of 10000 (max. 10000000)

